2024-09-06 08:15:40.873 [restartedMain] INFO  com.peng.minidb.MiniDBApplication - Starting MiniDBApplication using Java 1.8.0_381 on DESKTOP-7U31LN4 with PID 24500 (D:\peng\code\Project\MiniDB\target\classes started by peng in D:\peng\code\Project\MiniDB)
2024-09-06 08:15:40.877 [restartedMain] INFO  com.peng.minidb.MiniDBApplication - No active profile set, falling back to 1 default profile: "default"
2024-09-06 08:15:40.927 [restartedMain] INFO  o.s.b.d.e.DevToolsPropertyDefaultsPostProcessor - Devtools property defaults active! Set 'spring.devtools.add-properties' to 'false' to disable
2024-09-06 08:15:40.927 [restartedMain] INFO  o.s.b.d.e.DevToolsPropertyDefaultsPostProcessor - For additional web related logging consider setting the 'logging.level.web' property to 'DEBUG'
2024-09-06 08:15:42.917 [restartedMain] INFO  o.s.b.w.e.tomcat.TomcatWebServer - Tomcat initialized with port(s): 8081 (http)
2024-09-06 08:15:42.919 [restartedMain] INFO  o.a.c.core.AprLifecycleListener - Loaded Apache Tomcat Native library [1.2.39] using APR version [1.7.4].
2024-09-06 08:15:42.919 [restartedMain] INFO  o.a.c.core.AprLifecycleListener - APR capabilities: IPv6 [true], sendfile [true], accept filters [false], random [true], UDS [true].
2024-09-06 08:15:42.920 [restartedMain] INFO  o.a.c.core.AprLifecycleListener - APR/OpenSSL configuration: useAprConnector [false], useOpenSSL [true]
2024-09-06 08:15:42.978 [restartedMain] INFO  o.a.c.core.AprLifecycleListener - OpenSSL successfully initialized [OpenSSL 3.0.11 19 Sep 2023]
2024-09-06 08:15:42.989 [restartedMain] INFO  o.a.coyote.http11.Http11NioProtocol - Initializing ProtocolHandler ["http-nio-8081"]
2024-09-06 08:15:42.990 [restartedMain] INFO  o.a.catalina.core.StandardService - Starting service [Tomcat]
2024-09-06 08:15:42.990 [restartedMain] INFO  o.a.catalina.core.StandardEngine - Starting Servlet engine: [Apache Tomcat/9.0.62]
2024-09-06 08:15:43.081 [restartedMain] INFO  o.a.c.c.C.[Tomcat].[localhost].[/] - Initializing Spring embedded WebApplicationContext
2024-09-06 08:15:43.081 [restartedMain] INFO  o.s.b.w.s.c.ServletWebServerApplicationContext - Root WebApplicationContext: initialization completed in 2153 ms
2024-09-06 08:15:43.385 [restartedMain] INFO  o.s.b.a.w.s.WelcomePageHandlerMapping - Adding welcome page: class path resource [static/index.html]
2024-09-06 08:15:43.507 [restartedMain] INFO  o.s.b.d.a.OptionalLiveReloadServer - LiveReload server is running on port 35729
2024-09-06 08:15:43.520 [restartedMain] INFO  o.a.coyote.http11.Http11NioProtocol - Starting ProtocolHandler ["http-nio-8081"]
2024-09-06 08:15:43.547 [restartedMain] INFO  o.s.b.w.e.tomcat.TomcatWebServer - Tomcat started on port(s): 8081 (http) with context path ''
2024-09-06 08:15:43.553 [restartedMain] INFO  o.s.s.a.ScheduledAnnotationBeanPostProcessor - No TaskScheduler/ScheduledExecutorService bean found for scheduled processing
2024-09-06 08:15:43.563 [restartedMain] INFO  com.peng.minidb.MiniDBApplication - Started MiniDBApplication in 3.416 seconds (JVM running for 5.242)
2024-09-06 08:16:03.344 [http-nio-8081-exec-1] INFO  o.a.c.c.C.[Tomcat].[localhost].[/] - Initializing Spring DispatcherServlet 'dispatcherServlet'
2024-09-06 08:16:03.344 [http-nio-8081-exec-1] INFO  o.s.web.servlet.DispatcherServlet - Initializing Servlet 'dispatcherServlet'
2024-09-06 08:16:03.345 [http-nio-8081-exec-1] INFO  o.s.web.servlet.DispatcherServlet - Completed initialization in 1 ms
2024-09-06 08:16:09.784 [http-nio-8081-exec-7] INFO  c.p.m.w.TerminalWebSocketHandler - User with IP: 127.0.0.1, session ID: 6e133e1e-62d2-a44f-0f3b-2e1178015e2a executed SQL: init
